1436790355.748665 1436790355.748665 0.000000 time stamp reset
1436790355.748736 1436790355.748736 0.000071 calling c function setup
1436790355.748793 1436790355.748793 0.000057 allocating the memory in dezing functions
1436790355.748804 1436790355.748804 0.000011 Threads available: 2 

1436790355.748808 1436790355.748808 0.000004 Threads used: 2 

1436790355.748811 1436790355.748811 0.000003 finished allocating the memory in dezing functions
1436790355.752965 1436790355.752965 0.004154 calling c function with run flag
1436790355.753005 1436790355.753005 0.000040 batchsize: 172800 

1436790355.753009 1436790355.753009 0.000004 sizes: 160 135 batch 8 

1436790355.753028 1436790355.753028 0.000019 starting filter setup
1436790355.753139 1436790355.753139 0.000111 waiting for dezing threads
1436790355.755786 1436790355.755786 0.002647 finished waiting for dezing threads
1436790355.819440 1436790355.819440 0.063654 calling c function with run flag
1436790355.819480 1436790355.819480 0.000040 batchsize: 172800 

1436790355.819484 1436790355.819484 0.000004 sizes: 160 135 batch 8 

1436790355.819491 1436790355.819491 0.000007 starting filter setup
1436790355.819554 1436790355.819554 0.000063 waiting for dezing threads
1436790355.822267 1436790355.822267 0.002713 finished waiting for dezing threads
1436790355.884993 1436790355.884993 0.062726 calling c function with run flag
1436790355.885033 1436790355.885033 0.000040 batchsize: 172800 

1436790355.885038 1436790355.885038 0.000005 sizes: 160 135 batch 8 

1436790355.885044 1436790355.885044 0.000006 starting filter setup
1436790355.885102 1436790355.885102 0.000058 waiting for dezing threads
1436790355.887621 1436790355.887621 0.002519 finished waiting for dezing threads
1436790355.950556 1436790355.950556 0.062935 calling c function with run flag
1436790355.950597 1436790355.950597 0.000041 batchsize: 172800 

1436790355.950601 1436790355.950601 0.000004 sizes: 160 135 batch 8 

1436790355.950608 1436790355.950608 0.000007 starting filter setup
1436790355.950663 1436790355.950663 0.000055 waiting for dezing threads
1436790355.953319 1436790355.953319 0.002656 finished waiting for dezing threads
1436790356.016311 1436790356.016311 0.062992 calling c function with run flag
1436790356.016382 1436790356.016382 0.000071 batchsize: 172800 

1436790356.016387 1436790356.016387 0.000005 sizes: 160 135 batch 8 

1436790356.016394 1436790356.016394 0.000007 starting filter setup
1436790356.016458 1436790356.016458 0.000064 waiting for dezing threads
1436790356.018969 1436790356.018969 0.002511 finished waiting for dezing threads
1436790356.082065 1436790356.082065 0.063096 calling c function with run flag
1436790356.082105 1436790356.082105 0.000040 batchsize: 172800 

1436790356.082109 1436790356.082109 0.000004 sizes: 160 135 batch 8 

1436790356.082116 1436790356.082116 0.000007 starting filter setup
1436790356.082174 1436790356.082174 0.000058 waiting for dezing threads
1436790356.084882 1436790356.084882 0.002708 finished waiting for dezing threads
1436790356.147603 1436790356.147603 0.062721 calling c function with run flag
1436790356.147644 1436790356.147644 0.000041 batchsize: 172800 

1436790356.147648 1436790356.147648 0.000004 sizes: 160 135 batch 8 

1436790356.147655 1436790356.147655 0.000007 starting filter setup
1436790356.147711 1436790356.147711 0.000056 waiting for dezing threads
1436790356.150211 1436790356.150211 0.002500 finished waiting for dezing threads
1436790356.218068 1436790356.218068 0.067857 calling c function with run flag
1436790356.218108 1436790356.218108 0.000040 batchsize: 172800 

1436790356.218112 1436790356.218112 0.000004 sizes: 160 135 batch 8 

1436790356.218119 1436790356.218119 0.000007 starting filter setup
1436790356.218177 1436790356.218177 0.000058 waiting for dezing threads
1436790356.220685 1436790356.220685 0.002508 finished waiting for dezing threads
1436790356.283491 1436790356.283491 0.062806 calling c function with run flag
1436790356.283532 1436790356.283532 0.000041 batchsize: 172800 

1436790356.283536 1436790356.283536 0.000004 sizes: 160 135 batch 8 

1436790356.283552 1436790356.283552 0.000016 starting filter setup
1436790356.283607 1436790356.283607 0.000055 waiting for dezing threads
1436790356.286110 1436790356.286110 0.002503 finished waiting for dezing threads
1436790356.348943 1436790356.348943 0.062833 calling c function with run flag
1436790356.348984 1436790356.348984 0.000041 batchsize: 172800 

1436790356.348988 1436790356.348988 0.000004 sizes: 160 135 batch 8 

1436790356.348995 1436790356.348995 0.000007 starting filter setup
1436790356.349051 1436790356.349051 0.000056 waiting for dezing threads
1436790356.351702 1436790356.351702 0.002651 finished waiting for dezing threads
1436790356.414364 1436790356.414364 0.062662 calling c function with run flag
1436790356.414414 1436790356.414414 0.000050 batchsize: 172800 

1436790356.414418 1436790356.414418 0.000004 sizes: 160 135 batch 8 

1436790356.414425 1436790356.414425 0.000007 starting filter setup
1436790356.414480 1436790356.414480 0.000055 waiting for dezing threads
1436790356.416995 1436790356.416995 0.002515 finished waiting for dezing threads
1436790356.479905 1436790356.479905 0.062910 calling c function with run flag
1436790356.479945 1436790356.479945 0.000040 batchsize: 172800 

1436790356.479949 1436790356.479949 0.000004 sizes: 160 135 batch 8 

1436790356.479956 1436790356.479956 0.000007 starting filter setup
1436790356.480012 1436790356.480012 0.000056 waiting for dezing threads
1436790356.482527 1436790356.482527 0.002515 finished waiting for dezing threads
1436790356.545891 1436790356.545891 0.063364 calling c function with run flag
1436790356.545931 1436790356.545931 0.000040 batchsize: 172800 

1436790356.545935 1436790356.545935 0.000004 sizes: 160 135 batch 8 

1436790356.545942 1436790356.545942 0.000007 starting filter setup
1436790356.546000 1436790356.546000 0.000058 waiting for dezing threads
1436790356.548684 1436790356.548684 0.002684 finished waiting for dezing threads
1436790356.611624 1436790356.611624 0.062940 calling c function with run flag
1436790356.611664 1436790356.611664 0.000040 batchsize: 151200 

1436790356.611668 1436790356.611668 0.000004 sizes: 160 135 batch 7 

1436790356.611675 1436790356.611675 0.000007 starting filter setup
1436790356.611732 1436790356.611732 0.000057 waiting for dezing threads
1436790356.613619 1436790356.613619 0.001887 finished waiting for dezing threads
1436790356.667769 1436790356.667769 0.054150 calling c function with cleanup flag
1436790356.667808 1436790356.667808 0.000039 freeing the memory in dezing functions
1436790356.667812 1436790356.667812 0.000004 finished freeing the memory in dezing functions
