1453735061.511020 1453735061.511020 0.000000 time stamp reset
1453735061.511115 1453735061.511115 0.000095 calling c function setup
1453735061.512053 1453735061.512053 0.000938 allocating the memory in dezing functions
1453735061.512077 1453735061.512077 0.000024 Threads available: 8 

1453735061.512087 1453735061.512087 0.000010 Threads used: 8 

1453735061.512096 1453735061.512096 0.000009 finished allocating the memory in dezing functions
58 0.000193 waiting for dezing threads
1453735061.542402 1453735061.542402 0.001544 finished waiting for dezing threads
1453735061.547971 1453735061.547971 0.005569 calling c function with run flag
1453735061.547996 1453735061.547996 0.000025 batchsize: 259200 

1453735061.548000 1453735061.548000 0.000004 sizes: 160 135 batch 12 

1453735061.548006 1453735061.548006 0.000006 starting filter setup
1453735061.548137 1453735061.548137 0.000131 waiting for dezing threads
1453735061.551137 1453735061.551137 0.003000 finished waiting for dezing threads
1453735061.558179 1453735061.558179 0.007042 calling c function with run flag
1453735061.558227 1453735061.558227 0.000048 batchsize: 259200 

1453735061.558238 1453735061.558238 0.000011 sizes: 160 135 batch 12 

1453735061.558250 1453735061.558250 0.000012 starting filter setup
1453735061.558593 1453735061.558593 0.000343 waiting for dezing threads
1453735061.560090 1453735061.560090 0.001497 finished waiting for dezing threads
1453735061.567312 1453735061.567312 0.007222 calling c function with run flag
1453735061.567360 1453735061.567360 0.000048 batchsize: 259200 

1453735061.567372 1453735061.567372 0.000012 sizes: 160 135 batch 12 

1453735061.567382 1453735061.567382 0.000010 starting filter setup
1453735061.567638 1453735061.567638 0.000256 waiting for dezing threads
1453735061.569258 1453735061.569258 0.001620 finished waiting for dezing threads
1453735061.573321 1453735061.573321 0.004063 calling c function with run flag
1453735061.573348 1453735061.573348 0.000027 batchsize: 259200 

1453735061.573352 1453735061.573352 0.000004 sizes: 160 135 batch 12 

1453735061.573357 1453735061.573357 0.000005 starting filter setup
1453735061.573541 1453735061.573541 0.000184 waiting for dezing threads
1453735061.575049 1453735061.575049 0.001508 finished waiting for dezing threads
1453735061.578867 1453735061.578867 0.003818 calling c function with run flag
1453735061.578892 1453735061.578892 0.000025 batchsize: 259200 

1453735061.578896 1453735061.578896 0.000004 sizes: 160 135 batch 12 

1453735061.578902 1453735061.578902 0.000006 starting filter setup
1453735061.579045 1453735061.579045 0.000143 waiting for dezing threads
1453735061.580839 1453735061.580839 0.001794 finished waiting for dezing threads
1453735061.584584 1453735061.584584 0.003745 calling c function with run flag
1453735061.584609 1453735061.584609 0.000025 batchsize: 259200 

1453735061.584613 1453735061.584613 0.000004 sizes: 160 135 batch 12 

1453735061.584619 1453735061.584619 0.000006 starting filter setup
1453735061.584802 1453735061.584802 0.000183 waiting for dezing threads
1453735061.586618 1453735061.586618 0.001816 finished waiting for dezing threads
1453735061.590680 1453735061.590680 0.004062 calling c function with run flag
1453735061.590721 1453735061.590721 0.000041 batchsize: 259200 

1453735061.590726 1453735061.590726 0.000005 sizes: 160 135 batch 12 

1453735061.590732 1453735061.590732 0.000006 starting filter setup
1453735061.590920 1453735061.590920 0.000188 waiting for dezing threads
1453735061.592447 1453735061.592447 0.001527 finished waiting for dezing threads
1453735061.596484 1453735061.596484 0.004037 calling c function with run flag
1453735061.596511 1453735061.596511 0.000027 batchsize: 259200 

1453735061.596516 1453735061.596516 0.000005 sizes: 160 135 batch 12 

1453735061.596522 1453735061.596522 0.000006 starting filter setup
1453735061.596680 1453735061.596680 0.000158 waiting for dezing threads
1453735061.599336 1453735061.599336 0.002656 finished waiting for dezing threads
1453735061.603622 1453735061.603622 0.004286 calling c function with run flag
1453735061.603656 1453735061.603656 0.000034 batchsize: 259200 

1453735061.603661 1453735061.603661 0.000005 sizes: 160 135 batch 12 

1453735061.603667 1453735061.603667 0.000006 starting filter setup
1453735061.603883 1453735061.603883 0.000216 waiting for dezing threads
1453735061.606636 1453735061.606636 0.002753 finished waiting for dezing threads
1453735061.612300 1453735061.612300 0.005664 calling c function with run flag
1453735061.612337 1453735061.612337 0.000037 batchsize: 259200 

1453735061.612344 1453735061.612344 0.000007 sizes: 160 135 batch 12 

1453735061.612351 1453735061.612351 0.000007 starting filter setup
1453735061.612626 1453735061.612626 0.000275 waiting for dezing threads
1453735061.614116 1453735061.614116 0.001490 finished waiting for dezing threads
1453735061.620525 1453735061.620525 0.006409 calling c function with run flag
1453735061.620544 1453735061.620544 0.000019 batchsize: 259200 

1453735061.620547 1453735061.620547 0.000003 sizes: 160 135 batch 12 

1453735061.620552 1453735061.620552 0.000005 starting filter setup
1453735061.620697 1453735061.620697 0.000145 waiting for dezing threads
1453735061.622260 1453735061.622260 0.001563 finished waiting for dezing threads
1453735061.627598 1453735061.627598 0.005338 calling c function with run flag
1453735061.627618 1453735061.627618 0.000020 batchsize: 259200 

1453735061.627621 1453735061.627621 0.000003 sizes: 160 135 batch 12 

1453735061.627625 1453735061.627625 0.000004 starting filter setup
1453735061.627777 1453735061.627777 0.000152 waiting for dezing threads
1453735061.629311 1453735061.629311 0.001534 finished waiting for dezing threads
1453735061.633535 1453735061.633535 0.004224 calling c function with run flag
1453735061.633556 1453735061.633556 0.000021 batchsize: 237600 

1453735061.633559 1453735061.633559 0.000003 sizes: 160 135 batch 11 

1453735061.633564 1453735061.633564 0.000005 starting filter setup
1453735061.633724 1453735061.633724 0.000160 waiting for dezing threads
1453735061.635341 1453735061.635341 0.001617 finished waiting for dezing threads
1453735061.643273 1453735061.643273 0.007932 calling c function with cleanup flag
1453735061.643309 1453735061.643309 0.000036 freeing the memory in dezing functions
1453735061.643318 1453735061.643318 0.000009 finished freeing the memory in dezing functions
